<?xml version="1.0" encoding="UTF-8"?>
<!-- Generated by org.testng.reporters.JUnitXMLReporter -->
<testsuite ignored="0" hostname="DESKTOP-81GS8OE" failures="0" tests="4" name="Default test" time="69.752" errors="0" timestamp="2022-07-25T05:41:29 CDT">
  <testcase classname="tests.Tests" name="createAccount" time="23.526"/>
  <testcase classname="tests.Tests" name="incorrectValues" time="14.794"/>
  <testcase classname="tests.Tests" name="invalidEmail" time="9.116"/>
  <testcase classname="tests.Tests" name="invalidFields" time="18.053"/>
</testsuite> <!-- Default test -->
