<?xml version="1.0" encoding="UTF-8"?>
<testng-results ignored="0" total="1" passed="1" failed="0" skipped="0">
  <reporter-output>
  </reporter-output>
  <suite started-at="2022-07-29T20:04:06 CDT" name="Suite" finished-at="2022-07-29T20:04:17 CDT" duration-ms="10798">
    <groups>
    </groups>
    <test started-at="2022-07-29T20:04:06 CDT" name="Test" finished-at="2022-07-29T20:04:17 CDT" duration-ms="10798">
      <class name="tests.Test3">
        <test-method is-config="true" signature="initiateDriver()[pri:0, instance:tests.Test3@595b007d]" started-at="2022-07-29T20:04:06 CDT" name="initiateDriver" finished-at="2022-07-29T20:04:08 CDT" duration-ms="1953" status="PASS">
          <reporter-output>
          </reporter-output>
        </test-method> <!-- initiateDriver -->
        <test-method signature="invalidFields()[pri:0, instance:tests.Test3@595b007d]" started-at="2022-07-29T20:04:08 CDT" name="invalidFields" finished-at="2022-07-29T20:04:17 CDT" duration-ms="8784" status="PASS">
          <reporter-output>
          </reporter-output>
        </test-method> <!-- invalidFields -->
        <test-method is-config="true" signature="closeWindow()[pri:0, instance:tests.Test3@595b007d]" started-at="2022-07-29T20:04:17 CDT" name="closeWindow" finished-at="2022-07-29T20:04:17 CDT" duration-ms="1" status="PASS">
          <reporter-output>
          </reporter-output>
        </test-method> <!-- closeWindow -->
      </class> <!-- tests.Test3 -->
    </test> <!-- Test -->
  </suite> <!-- Suite -->
</testng-results>
